build/app/intermediates/manifest_merge_blame_file/release/manifest-merger-blame-release-report.txt
1<?xml version="1.0" encoding="utf-8"?>
2<manifest xmlns:android="http://schemas.android.com/apk/res/android"
3    package="com.herzen.loverquest"
4    android:versionCode="1"
5    android:versionName="1.0.0" >
6
7    <uses-sdk
8        android:minSdkVersion="21"
9        android:targetSdkVersion="35" />
10
11    <uses-permission android:name="android.permission.INTERNET" />
11-->src/main/AndroidManifest.xml:3:5-66
11-->src/main/AndroidManifest.xml:3:22-64
12    <uses-permission android:name="android.permission.QUERY_ALL_PACKAGES" />
12-->src/main/AndroidManifest.xml:4:5-76
12-->src/main/AndroidManifest.xml:4:22-74
13    <!--
14         Required to query activities that can process text, see:
15         https://developer.android.com/training/package-visibility and
16         https://developer.android.com/reference/android/content/Intent#ACTION_PROCESS_TEXT.
17
18         In particular, this is used by the Flutter engine in io.flutter.plugin.text.ProcessTextPlugin.
19    -->
20    <queries>
20-->src/main/AndroidManifest.xml:52:5-57:15
21        <intent>
21-->src/main/AndroidManifest.xml:53:9-56:18
22            <action android:name="android.intent.action.PROCESS_TEXT" />
22-->src/main/AndroidManifest.xml:54:13-72
22-->src/main/AndroidManifest.xml:54:21-70
23
24            <data android:mimeType="text/plain" />
24-->src/main/AndroidManifest.xml:55:13-50
24-->src/main/AndroidManifest.xml:55:19-48
25        </intent>
26        <intent>
26-->[:file_picker] AndroidManifest.xml:8:9-12:18
27            <action android:name="android.intent.action.GET_CONTENT" />
27-->[:file_picker] AndroidManifest.xml:9:13-72
27-->[:file_picker] AndroidManifest.xml:9:21-69
28
29            <data android:mimeType="*/*" />
29-->src/main/AndroidManifest.xml:55:13-50
29-->src/main/AndroidManifest.xml:55:19-48
30        </intent>
31    </queries>
32
33    <uses-permission android:name="android.permission.ACCESS_NETWORK_STATE" />
33-->[androidx.media3:media3-common:1.4.1] AndroidManifest.xml:22:5-79
33-->[androidx.media3:media3-common:1.4.1] AndroidManifest.xml:22:22-76
34
35    <permission
35-->[androidx.core:core:1.15.0] AndroidManifest.xml:22:5-24:47
36        android:name="com.herzen.loverquest.DYNAMIC_RECEIVER_NOT_EXPORTED_PERMISSION"
36-->[androidx.core:core:1.15.0] AndroidManifest.xml:23:9-81
37        android:protectionLevel="signature" />
37-->[androidx.core:core:1.15.0] AndroidManifest.xml:24:9-44
38
39    <uses-permission android:name="com.herzen.loverquest.DYNAMIC_RECEIVER_NOT_EXPORTED_PERMISSION" />
39-->[androidx.core:core:1.15.0] AndroidManifest.xml:26:5-97
39-->[androidx.core:core:1.15.0] AndroidManifest.xml:26:22-94
40
41    <application
42        android:name="android.app.Application"
42-->src/main/AndroidManifest.xml:8:9-42
43        android:appComponentFactory="androidx.core.app.CoreComponentFactory"
43-->[androidx.core:core:1.15.0] AndroidManifest.xml:28:18-86
44        android:extractNativeLibs="true"
45        android:icon="@mipmap/launcher_icon"
45-->src/main/AndroidManifest.xml:9:9-45
46        android:label="Loverquest" >
46-->src/main/AndroidManifest.xml:7:9-35
47        <activity
47-->src/main/AndroidManifest.xml:10:9-40:20
48            android:name="com.herzen.loverquest.MainActivity"
48-->src/main/AndroidManifest.xml:11:13-62
49            android:configChanges="orientation|keyboardHidden|keyboard|screenSize|smallestScreenSize|locale|layoutDirection|fontScale|screenLayout|density|uiMode"
49-->src/main/AndroidManifest.xml:16:13-163
50            android:exported="true"
50-->src/main/AndroidManifest.xml:12:13-36
51            android:hardwareAccelerated="true"
51-->src/main/AndroidManifest.xml:17:13-47
52            android:launchMode="singleTop"
52-->src/main/AndroidManifest.xml:13:13-43
53            android:taskAffinity=""
53-->src/main/AndroidManifest.xml:14:13-36
54            android:theme="@style/LaunchTheme"
54-->src/main/AndroidManifest.xml:15:13-47
55            android:windowSoftInputMode="adjustResize" >
55-->src/main/AndroidManifest.xml:18:13-55
56
57            <!--
58                 Specifies an Android theme to apply to this Activity as soon as
59                 the Android process has started. This theme is visible to the user
60                 while the Flutter UI initializes. After that, this theme continues
61                 to determine the Window background behind the Flutter UI.
62            -->
63            <meta-data
63-->src/main/AndroidManifest.xml:23:13-26:17
64                android:name="io.flutter.embedding.android.NormalTheme"
64-->src/main/AndroidManifest.xml:24:15-70
65                android:resource="@style/NormalTheme" />
65-->src/main/AndroidManifest.xml:25:15-52
66
67            <intent-filter>
67-->src/main/AndroidManifest.xml:27:13-30:29
68                <action android:name="android.intent.action.MAIN" />
68-->src/main/AndroidManifest.xml:28:17-68
68-->src/main/AndroidManifest.xml:28:25-66
69
70                <category android:name="android.intent.category.LAUNCHER" />
70-->src/main/AndroidManifest.xml:29:17-76
70-->src/main/AndroidManifest.xml:29:27-74
71            </intent-filter>
72            <intent-filter>
72-->src/main/AndroidManifest.xml:32:13-38:29
73                <action android:name="android.intent.action.VIEW" />
73-->src/main/AndroidManifest.xml:33:17-68
73-->src/main/AndroidManifest.xml:33:25-66
74
75                <category android:name="android.intent.category.DEFAULT" />
75-->src/main/AndroidManifest.xml:34:17-75
75-->src/main/AndroidManifest.xml:34:27-73
76                <category android:name="android.intent.category.BROWSABLE" />
76-->src/main/AndroidManifest.xml:35:17-77
76-->src/main/AndroidManifest.xml:35:27-75
77
78                <data android:scheme="https" />
78-->src/main/AndroidManifest.xml:55:13-50
78-->src/main/AndroidManifest.xml:36:23-45
79                <data android:scheme="http" />
79-->src/main/AndroidManifest.xml:55:13-50
79-->src/main/AndroidManifest.xml:36:23-45
80            </intent-filter>
81        </activity>
82        <!--
83             Don't delete the meta-data below.
84             This is used by the Flutter tool to generate GeneratedPluginRegistrant.java
85        -->
86        <meta-data
86-->src/main/AndroidManifest.xml:43:9-45:33
87            android:name="flutterEmbedding"
87-->src/main/AndroidManifest.xml:44:13-44
88            android:value="2" />
88-->src/main/AndroidManifest.xml:45:13-30
89
90        <activity
90-->[:url_launcher_android] AndroidManifest.xml:8:9-11:74
91            android:name="io.flutter.plugins.urllauncher.WebViewActivity"
91-->[:url_launcher_android] AndroidManifest.xml:9:13-74
92            android:exported="false"
92-->[:url_launcher_android] AndroidManifest.xml:10:13-37
93            android:theme="@android:style/Theme.NoTitleBar.Fullscreen" />
93-->[:url_launcher_android] AndroidManifest.xml:11:13-71
94
95        <provider
95-->[androidx.lifecycle:lifecycle-process:2.8.7] AndroidManifest.xml:24:9-32:20
96            android:name="androidx.startup.InitializationProvider"
96-->[androidx.lifecycle:lifecycle-process:2.8.7] AndroidManifest.xml:25:13-67
97            android:authorities="com.herzen.loverquest.androidx-startup"
97-->[androidx.lifecycle:lifecycle-process:2.8.7] AndroidManifest.xml:26:13-68
98            android:exported="false" >
98-->[androidx.lifecycle:lifecycle-process:2.8.7] AndroidManifest.xml:27:13-37
99            <meta-data
99-->[androidx.lifecycle:lifecycle-process:2.8.7] AndroidManifest.xml:29:13-31:52
100                android:name="androidx.lifecycle.ProcessLifecycleInitializer"
100-->[androidx.lifecycle:lifecycle-process:2.8.7] AndroidManifest.xml:30:17-78
101                android:value="androidx.startup" />
101-->[androidx.lifecycle:lifecycle-process:2.8.7] AndroidManifest.xml:31:17-49
102            <meta-data
102-->[androidx.profileinstaller:profileinstaller:1.3.1] AndroidManifest.xml:29:13-31:52
103                android:name="androidx.profileinstaller.ProfileInstallerInitializer"
103-->[androidx.profileinstaller:profileinstaller:1.3.1] AndroidManifest.xml:30:17-85
104                android:value="androidx.startup" />
104-->[androidx.profileinstaller:profileinstaller:1.3.1] AndroidManifest.xml:31:17-49
105        </provider>
106
107        <uses-library
107-->[androidx.window:window:1.2.0] AndroidManifest.xml:23:9-25:40
108            android:name="androidx.window.extensions"
108-->[androidx.window:window:1.2.0] AndroidManifest.xml:24:13-54
109            android:required="false" />
109-->[androidx.window:window:1.2.0] AndroidManifest.xml:25:13-37
110        <uses-library
110-->[androidx.window:window:1.2.0] AndroidManifest.xml:26:9-28:40
111            android:name="androidx.window.sidecar"
111-->[androidx.window:window:1.2.0] AndroidManifest.xml:27:13-51
112            android:required="false" />
112-->[androidx.window:window:1.2.0] AndroidManifest.xml:28:13-37
113
114        <receiver
114-->[androidx.profileinstaller:profileinstaller:1.3.1] AndroidManifest.xml:34:9-52:20
115            android:name="androidx.profileinstaller.ProfileInstallReceiver"
115-->[androidx.profileinstaller:profileinstaller:1.3.1] AndroidManifest.xml:35:13-76
116            android:directBootAware="false"
116-->[androidx.profileinstaller:profileinstaller:1.3.1] AndroidManifest.xml:36:13-44
117            android:enabled="true"
117-->[androidx.profileinstaller:profileinstaller:1.3.1] AndroidManifest.xml:37:13-35
118            android:exported="true"
118-->[androidx.profileinstaller:profileinstaller:1.3.1] AndroidManifest.xml:38:13-36
119            android:permission="android.permission.DUMP" >
119-->[androidx.profileinstaller:profileinstaller:1.3.1] AndroidManifest.xml:39:13-57
120            <intent-filter>
120-->[androidx.profileinstaller:profileinstaller:1.3.1] AndroidManifest.xml:40:13-42:29
121                <action android:name="androidx.profileinstaller.action.INSTALL_PROFILE" />
121-->[androidx.profileinstaller:profileinstaller:1.3.1] AndroidManifest.xml:41:17-91
121-->[androidx.profileinstaller:profileinstaller:1.3.1] AndroidManifest.xml:41:25-88
122            </intent-filter>
123            <intent-filter>
123-->[androidx.profileinstaller:profileinstaller:1.3.1] AndroidManifest.xml:43:13-45:29
124                <action android:name="androidx.profileinstaller.action.SKIP_FILE" />
124-->[androidx.profileinstaller:profileinstaller:1.3.1] AndroidManifest.xml:44:17-85
124-->[androidx.profileinstaller:profileinstaller:1.3.1] AndroidManifest.xml:44:25-82
125            </intent-filter>
126            <intent-filter>
126-->[androidx.profileinstaller:profileinstaller:1.3.1] AndroidManifest.xml:46:13-48:29
127                <action android:name="androidx.profileinstaller.action.SAVE_PROFILE" />
127-->[androidx.profileinstaller:profileinstaller:1.3.1] AndroidManifest.xml:47:17-88
127-->[androidx.profileinstaller:profileinstaller:1.3.1] AndroidManifest.xml:47:25-85
128            </intent-filter>
129            <intent-filter>
129-->[androidx.profileinstaller:profileinstaller:1.3.1] AndroidManifest.xml:49:13-51:29
130                <action android:name="androidx.profileinstaller.action.BENCHMARK_OPERATION" />
130-->[androidx.profileinstaller:profileinstaller:1.3.1] AndroidManifest.xml:50:17-95
130-->[androidx.profileinstaller:profileinstaller:1.3.1] AndroidManifest.xml:50:25-92
131            </intent-filter>
132        </receiver>
133    </application>
134
135</manifest>